Determining if the function __android_log_print exists in the log failed with the following output:
Change Dir: /home/aaron/re3/vendor/openal-soft-ctr/test/CMakeFiles/CMakeTmp

Run Build Command:"/usr/bin/make" "cmTC_9da59/fast"
/usr/bin/make -f CMakeFiles/cmTC_9da59.dir/build.make CMakeFiles/cmTC_9da59.dir/build
make[1]: Entering directory '/home/aaron/re3/vendor/openal-soft-ctr/test/CMakeFiles/CMakeTmp'
Building C object CMakeFiles/cmTC_9da59.dir/CheckFunctionExists.c.o
/usr/bin/cc   -DCHECK_FUNCTION_EXISTS=__android_log_print   -o CMakeFiles/cmTC_9da59.dir/CheckFunctionExists.c.o   -c /usr/share/cmake-3.13/Modules/CheckFunctionExists.c
Linking C executable cmTC_9da59
/usr/bin/cmake -E cmake_link_script CMakeFiles/cmTC_9da59.dir/link.txt --verbose=1
/usr/bin/cc  -DCHECK_FUNCTION_EXISTS=__android_log_print    -rdynamic CMakeFiles/cmTC_9da59.dir/CheckFunctionExists.c.o  -o cmTC_9da59 -llog -latomic 
/usr/bin/ld: cannot find -llog
collect2: error: ld returned 1 exit status
make[1]: *** [CMakeFiles/cmTC_9da59.dir/build.make:87: cmTC_9da59] Error 1
make[1]: Leaving directory '/home/aaron/re3/vendor/openal-soft-ctr/test/CMakeFiles/CMakeTmp'
make: *** [Makefile:121: cmTC_9da59/fast] Error 2


Performing C SOURCE FILE Test HAVE_MFPU_NEON_SWITCH failed with the following output:
Change Dir: /home/aaron/re3/vendor/openal-soft-ctr/test/CMakeFiles/CMakeTmp

Run Build Command:"/usr/bin/make" "cmTC_93d69/fast"
/usr/bin/make -f CMakeFiles/cmTC_93d69.dir/build.make CMakeFiles/cmTC_93d69.dir/build
make[1]: Entering directory '/home/aaron/re3/vendor/openal-soft-ctr/test/CMakeFiles/CMakeTmp'
Building C object CMakeFiles/cmTC_93d69.dir/src.c.o
/usr/bin/cc   -DHAVE_MFPU_NEON_SWITCH   -mfpu=neon -o CMakeFiles/cmTC_93d69.dir/src.c.o   -c /home/aaron/re3/vendor/openal-soft-ctr/test/CMakeFiles/CMakeTmp/src.c
cc: error: unrecognized command line option '-mfpu=neon'
make[1]: *** [CMakeFiles/cmTC_93d69.dir/build.make:66: CMakeFiles/cmTC_93d69.dir/src.c.o] Error 1
make[1]: Leaving directory '/home/aaron/re3/vendor/openal-soft-ctr/test/CMakeFiles/CMakeTmp'
make: *** [Makefile:121: cmTC_93d69/fast] Error 2

Source file was:
int main(void) { return 0; }
Determining if the include file arm_neon.h exists failed with the following output:
Change Dir: /home/aaron/re3/vendor/openal-soft-ctr/test/CMakeFiles/CMakeTmp

Run Build Command:"/usr/bin/make" "cmTC_b8ea2/fast"
/usr/bin/make -f CMakeFiles/cmTC_b8ea2.dir/build.make CMakeFiles/cmTC_b8ea2.dir/build
make[1]: Entering directory '/home/aaron/re3/vendor/openal-soft-ctr/test/CMakeFiles/CMakeTmp'
Building C object CMakeFiles/cmTC_b8ea2.dir/CheckIncludeFile.c.o
/usr/bin/cc    -o CMakeFiles/cmTC_b8ea2.dir/CheckIncludeFile.c.o   -c /home/aaron/re3/vendor/openal-soft-ctr/test/CMakeFiles/CMakeTmp/CheckIncludeFile.c
/home/aaron/re3/vendor/openal-soft-ctr/test/CMakeFiles/CMakeTmp/CheckIncludeFile.c:1:10: fatal error: arm_neon.h: No such file or directory
 #include <arm_neon.h>
          ^~~~~~~~~~~~
compilation terminated.
make[1]: *** [CMakeFiles/cmTC_b8ea2.dir/build.make:66: CMakeFiles/cmTC_b8ea2.dir/CheckIncludeFile.c.o] Error 1
make[1]: Leaving directory '/home/aaron/re3/vendor/openal-soft-ctr/test/CMakeFiles/CMakeTmp'
make: *** [Makefile:121: cmTC_b8ea2/fast] Error 2


Determining if the include file intrin.h exists failed with the following output:
Change Dir: /home/aaron/re3/vendor/openal-soft-ctr/test/CMakeFiles/CMakeTmp

Run Build Command:"/usr/bin/make" "cmTC_640e0/fast"
/usr/bin/make -f CMakeFiles/cmTC_640e0.dir/build.make CMakeFiles/cmTC_640e0.dir/build
make[1]: Entering directory '/home/aaron/re3/vendor/openal-soft-ctr/test/CMakeFiles/CMakeTmp'
Building C object CMakeFiles/cmTC_640e0.dir/CheckIncludeFile.c.o
/usr/bin/cc    -o CMakeFiles/cmTC_640e0.dir/CheckIncludeFile.c.o   -c /home/aaron/re3/vendor/openal-soft-ctr/test/CMakeFiles/CMakeTmp/CheckIncludeFile.c
/home/aaron/re3/vendor/openal-soft-ctr/test/CMakeFiles/CMakeTmp/CheckIncludeFile.c:1:10: fatal error: intrin.h: No such file or directory
 #include <intrin.h>
          ^~~~~~~~~~
compilation terminated.
make[1]: *** [CMakeFiles/cmTC_640e0.dir/build.make:66: CMakeFiles/cmTC_640e0.dir/CheckIncludeFile.c.o] Error 1
make[1]: Leaving directory '/home/aaron/re3/vendor/openal-soft-ctr/test/CMakeFiles/CMakeTmp'
make: *** [Makefile:121: cmTC_640e0/fast] Error 2


Determining if the include file sys/sysconf.h exists failed with the following output:
Change Dir: /home/aaron/re3/vendor/openal-soft-ctr/test/CMakeFiles/CMakeTmp

Run Build Command:"/usr/bin/make" "cmTC_55895/fast"
/usr/bin/make -f CMakeFiles/cmTC_55895.dir/build.make CMakeFiles/cmTC_55895.dir/build
make[1]: Entering directory '/home/aaron/re3/vendor/openal-soft-ctr/test/CMakeFiles/CMakeTmp'
Building C object CMakeFiles/cmTC_55895.dir/CheckIncludeFile.c.o
/usr/bin/cc    -o CMakeFiles/cmTC_55895.dir/CheckIncludeFile.c.o   -c /home/aaron/re3/vendor/openal-soft-ctr/test/CMakeFiles/CMakeTmp/CheckIncludeFile.c
/home/aaron/re3/vendor/openal-soft-ctr/test/CMakeFiles/CMakeTmp/CheckIncludeFile.c:1:10: fatal error: sys/sysconf.h: No such file or directory
 #include <sys/sysconf.h>
          ^~~~~~~~~~~~~~~
compilation terminated.
make[1]: *** [CMakeFiles/cmTC_55895.dir/build.make:66: CMakeFiles/cmTC_55895.dir/CheckIncludeFile.c.o] Error 1
make[1]: Leaving directory '/home/aaron/re3/vendor/openal-soft-ctr/test/CMakeFiles/CMakeTmp'
make: *** [Makefile:121: cmTC_55895/fast] Error 2


Determining if the include file guiddef.h exists failed with the following output:
Change Dir: /home/aaron/re3/vendor/openal-soft-ctr/test/CMakeFiles/CMakeTmp

Run Build Command:"/usr/bin/make" "cmTC_6fc3b/fast"
/usr/bin/make -f CMakeFiles/cmTC_6fc3b.dir/build.make CMakeFiles/cmTC_6fc3b.dir/build
make[1]: Entering directory '/home/aaron/re3/vendor/openal-soft-ctr/test/CMakeFiles/CMakeTmp'
Building C object CMakeFiles/cmTC_6fc3b.dir/CheckIncludeFile.c.o
/usr/bin/cc    -o CMakeFiles/cmTC_6fc3b.dir/CheckIncludeFile.c.o   -c /home/aaron/re3/vendor/openal-soft-ctr/test/CMakeFiles/CMakeTmp/CheckIncludeFile.c
/home/aaron/re3/vendor/openal-soft-ctr/test/CMakeFiles/CMakeTmp/CheckIncludeFile.c:1:10: fatal error: guiddef.h: No such file or directory
 #include <guiddef.h>
          ^~~~~~~~~~~
compilation terminated.
make[1]: *** [CMakeFiles/cmTC_6fc3b.dir/build.make:66: CMakeFiles/cmTC_6fc3b.dir/CheckIncludeFile.c.o] Error 1
make[1]: Leaving directory '/home/aaron/re3/vendor/openal-soft-ctr/test/CMakeFiles/CMakeTmp'
make: *** [Makefile:121: cmTC_6fc3b/fast] Error 2


Determining if the include file initguid.h exists failed with the following output:
Change Dir: /home/aaron/re3/vendor/openal-soft-ctr/test/CMakeFiles/CMakeTmp

Run Build Command:"/usr/bin/make" "cmTC_c4783/fast"
/usr/bin/make -f CMakeFiles/cmTC_c4783.dir/build.make CMakeFiles/cmTC_c4783.dir/build
make[1]: Entering directory '/home/aaron/re3/vendor/openal-soft-ctr/test/CMakeFiles/CMakeTmp'
Building C object CMakeFiles/cmTC_c4783.dir/CheckIncludeFile.c.o
/usr/bin/cc    -o CMakeFiles/cmTC_c4783.dir/CheckIncludeFile.c.o   -c /home/aaron/re3/vendor/openal-soft-ctr/test/CMakeFiles/CMakeTmp/CheckIncludeFile.c
/home/aaron/re3/vendor/openal-soft-ctr/test/CMakeFiles/CMakeTmp/CheckIncludeFile.c:1:10: fatal error: initguid.h: No such file or directory
 #include <initguid.h>
          ^~~~~~~~~~~~
compilation terminated.
make[1]: *** [CMakeFiles/cmTC_c4783.dir/build.make:66: CMakeFiles/cmTC_c4783.dir/CheckIncludeFile.c.o] Error 1
make[1]: Leaving directory '/home/aaron/re3/vendor/openal-soft-ctr/test/CMakeFiles/CMakeTmp'
make: *** [Makefile:121: cmTC_c4783/fast] Error 2


Determining if the _aligned_malloc exist failed with the following output:
Change Dir: /home/aaron/re3/vendor/openal-soft-ctr/test/CMakeFiles/CMakeTmp

Run Build Command:"/usr/bin/make" "cmTC_f2d58/fast"
/usr/bin/make -f CMakeFiles/cmTC_f2d58.dir/build.make CMakeFiles/cmTC_f2d58.dir/build
make[1]: Entering directory '/home/aaron/re3/vendor/openal-soft-ctr/test/CMakeFiles/CMakeTmp'
Building C object CMakeFiles/cmTC_f2d58.dir/CheckSymbolExists.c.o
/usr/bin/cc    -o CMakeFiles/cmTC_f2d58.dir/CheckSymbolExists.c.o   -c /home/aaron/re3/vendor/openal-soft-ctr/test/CMakeFiles/CMakeTmp/CheckSymbolExists.c
/home/aaron/re3/vendor/openal-soft-ctr/test/CMakeFiles/CMakeTmp/CheckSymbolExists.c: In function ‘main’:
/home/aaron/re3/vendor/openal-soft-ctr/test/CMakeFiles/CMakeTmp/CheckSymbolExists.c:8:19: error: ‘_aligned_malloc’ undeclared (first use in this function); did you mean ‘__builtin_malloc’?
   return ((int*)(&_aligned_malloc))[argc];
                   ^~~~~~~~~~~~~~~
                   __builtin_malloc
/home/aaron/re3/vendor/openal-soft-ctr/test/CMakeFiles/CMakeTmp/CheckSymbolExists.c:8:19: note: each undeclared identifier is reported only once for each function it appears in
make[1]: *** [CMakeFiles/cmTC_f2d58.dir/build.make:66: CMakeFiles/cmTC_f2d58.dir/CheckSymbolExists.c.o] Error 1
make[1]: Leaving directory '/home/aaron/re3/vendor/openal-soft-ctr/test/CMakeFiles/CMakeTmp'
make: *** [Makefile:121: cmTC_f2d58/fast] Error 2

File /home/aaron/re3/vendor/openal-soft-ctr/test/CMakeFiles/CMakeTmp/CheckSymbolExists.c:
/* */
#include <malloc.h>

int main(int argc, char** argv)
{
  (void)argv;
#ifndef _aligned_malloc
  return ((int*)(&_aligned_malloc))[argc];
#else
  (void)argc;
  return 0;
#endif
}

Determining if the proc_pidpath exist failed with the following output:
Change Dir: /home/aaron/re3/vendor/openal-soft-ctr/test/CMakeFiles/CMakeTmp

Run Build Command:"/usr/bin/make" "cmTC_b39d6/fast"
/usr/bin/make -f CMakeFiles/cmTC_b39d6.dir/build.make CMakeFiles/cmTC_b39d6.dir/build
make[1]: Entering directory '/home/aaron/re3/vendor/openal-soft-ctr/test/CMakeFiles/CMakeTmp'
Building C object CMakeFiles/cmTC_b39d6.dir/CheckSymbolExists.c.o
/usr/bin/cc    -o CMakeFiles/cmTC_b39d6.dir/CheckSymbolExists.c.o   -c /home/aaron/re3/vendor/openal-soft-ctr/test/CMakeFiles/CMakeTmp/CheckSymbolExists.c
/home/aaron/re3/vendor/openal-soft-ctr/test/CMakeFiles/CMakeTmp/CheckSymbolExists.c:2:10: fatal error: libproc.h: No such file or directory
 #include <libproc.h>
          ^~~~~~~~~~~
compilation terminated.
make[1]: *** [CMakeFiles/cmTC_b39d6.dir/build.make:66: CMakeFiles/cmTC_b39d6.dir/CheckSymbolExists.c.o] Error 1
make[1]: Leaving directory '/home/aaron/re3/vendor/openal-soft-ctr/test/CMakeFiles/CMakeTmp'
make: *** [Makefile:121: cmTC_b39d6/fast] Error 2

File /home/aaron/re3/vendor/openal-soft-ctr/test/CMakeFiles/CMakeTmp/CheckSymbolExists.c:
/* */
#include <libproc.h>

int main(int argc, char** argv)
{
  (void)argv;
#ifndef proc_pidpath
  return ((int*)(&proc_pidpath))[argc];
#else
  (void)argc;
  return 0;
#endif
}

Determining if files pthread.h;pthread_np.h exist failed with the following output:
Change Dir: /home/aaron/re3/vendor/openal-soft-ctr/test/CMakeFiles/CMakeTmp

Run Build Command:"/usr/bin/make" "cmTC_847d0/fast"
/usr/bin/make -f CMakeFiles/cmTC_847d0.dir/build.make CMakeFiles/cmTC_847d0.dir/build
make[1]: Entering directory '/home/aaron/re3/vendor/openal-soft-ctr/test/CMakeFiles/CMakeTmp'
Building C object CMakeFiles/cmTC_847d0.dir/HAVE_PTHREAD_NP_H.c.o
/usr/bin/cc   -pthread   -o CMakeFiles/cmTC_847d0.dir/HAVE_PTHREAD_NP_H.c.o   -c /home/aaron/re3/vendor/openal-soft-ctr/test/CMakeFiles/CheckIncludeFiles/HAVE_PTHREAD_NP_H.c
/home/aaron/re3/vendor/openal-soft-ctr/test/CMakeFiles/CheckIncludeFiles/HAVE_PTHREAD_NP_H.c:3:10: fatal error: pthread_np.h: No such file or directory
 #include <pthread_np.h>
          ^~~~~~~~~~~~~~
compilation terminated.
make[1]: *** [CMakeFiles/cmTC_847d0.dir/build.make:66: CMakeFiles/cmTC_847d0.dir/HAVE_PTHREAD_NP_H.c.o] Error 1
make[1]: Leaving directory '/home/aaron/re3/vendor/openal-soft-ctr/test/CMakeFiles/CMakeTmp'
make: *** [Makefile:121: cmTC_847d0/fast] Error 2

Source:
/* */
#include <pthread.h>
#include <pthread_np.h>


int main(void){return 0;}

Determining if the pthread_setname_np exist failed with the following output:
Change Dir: /home/aaron/re3/vendor/openal-soft-ctr/test/CMakeFiles/CMakeTmp

Run Build Command:"/usr/bin/make" "cmTC_867bd/fast"
/usr/bin/make -f CMakeFiles/cmTC_867bd.dir/build.make CMakeFiles/cmTC_867bd.dir/build
make[1]: Entering directory '/home/aaron/re3/vendor/openal-soft-ctr/test/CMakeFiles/CMakeTmp'
Building C object CMakeFiles/cmTC_867bd.dir/CheckSymbolExists.c.o
/usr/bin/cc   -pthread   -o CMakeFiles/cmTC_867bd.dir/CheckSymbolExists.c.o   -c /home/aaron/re3/vendor/openal-soft-ctr/test/CMakeFiles/CMakeTmp/CheckSymbolExists.c
/home/aaron/re3/vendor/openal-soft-ctr/test/CMakeFiles/CMakeTmp/CheckSymbolExists.c: In function ‘main’:
/home/aaron/re3/vendor/openal-soft-ctr/test/CMakeFiles/CMakeTmp/CheckSymbolExists.c:8:19: error: ‘pthread_setname_np’ undeclared (first use in this function); did you mean ‘pthread_setcanceltype’?
   return ((int*)(&pthread_setname_np))[argc];
                   ^~~~~~~~~~~~~~~~~~
                   pthread_setcanceltype
/home/aaron/re3/vendor/openal-soft-ctr/test/CMakeFiles/CMakeTmp/CheckSymbolExists.c:8:19: note: each undeclared identifier is reported only once for each function it appears in
make[1]: *** [CMakeFiles/cmTC_867bd.dir/build.make:66: CMakeFiles/cmTC_867bd.dir/CheckSymbolExists.c.o] Error 1
make[1]: Leaving directory '/home/aaron/re3/vendor/openal-soft-ctr/test/CMakeFiles/CMakeTmp'
make: *** [Makefile:121: cmTC_867bd/fast] Error 2

File /home/aaron/re3/vendor/openal-soft-ctr/test/CMakeFiles/CMakeTmp/CheckSymbolExists.c:
/* */
#include <pthread.h>

int main(int argc, char** argv)
{
  (void)argv;
#ifndef pthread_setname_np
  return ((int*)(&pthread_setname_np))[argc];
#else
  (void)argc;
  return 0;
#endif
}

Determining if the pthread_set_name_np exist failed with the following output:
Change Dir: /home/aaron/re3/vendor/openal-soft-ctr/test/CMakeFiles/CMakeTmp

Run Build Command:"/usr/bin/make" "cmTC_a7c94/fast"
/usr/bin/make -f CMakeFiles/cmTC_a7c94.dir/build.make CMakeFiles/cmTC_a7c94.dir/build
make[1]: Entering directory '/home/aaron/re3/vendor/openal-soft-ctr/test/CMakeFiles/CMakeTmp'
Building C object CMakeFiles/cmTC_a7c94.dir/CheckSymbolExists.c.o
/usr/bin/cc   -pthread   -o CMakeFiles/cmTC_a7c94.dir/CheckSymbolExists.c.o   -c /home/aaron/re3/vendor/openal-soft-ctr/test/CMakeFiles/CMakeTmp/CheckSymbolExists.c
/home/aaron/re3/vendor/openal-soft-ctr/test/CMakeFiles/CMakeTmp/CheckSymbolExists.c: In function ‘main’:
/home/aaron/re3/vendor/openal-soft-ctr/test/CMakeFiles/CMakeTmp/CheckSymbolExists.c:8:19: error: ‘pthread_set_name_np’ undeclared (first use in this function); did you mean ‘pthread_setspecific’?
   return ((int*)(&pthread_set_name_np))[argc];
                   ^~~~~~~~~~~~~~~~~~~
                   pthread_setspecific
/home/aaron/re3/vendor/openal-soft-ctr/test/CMakeFiles/CMakeTmp/CheckSymbolExists.c:8:19: note: each undeclared identifier is reported only once for each function it appears in
make[1]: *** [CMakeFiles/cmTC_a7c94.dir/build.make:66: CMakeFiles/cmTC_a7c94.dir/CheckSymbolExists.c.o] Error 1
make[1]: Leaving directory '/home/aaron/re3/vendor/openal-soft-ctr/test/CMakeFiles/CMakeTmp'
make: *** [Makefile:121: cmTC_a7c94/fast] Error 2

File /home/aaron/re3/vendor/openal-soft-ctr/test/CMakeFiles/CMakeTmp/CheckSymbolExists.c:
/* */
#include <pthread.h>

int main(int argc, char** argv)
{
  (void)argv;
#ifndef pthread_set_name_np
  return ((int*)(&pthread_set_name_np))[argc];
#else
  (void)argc;
  return 0;
#endif
}

